<?xml version="1.0" encoding="UTF-8"?>
<testng-results ignored="0" total="1" passed="1" failed="0" skipped="0">
  <reporter-output>
  </reporter-output>
  <suite started-at="2024-05-07T18:26:46Z" name="Default suite" finished-at="2024-05-07T18:26:46Z" duration-ms="19">
    <groups>
    </groups>
    <test started-at="2024-05-07T18:26:46Z" name="Default test" finished-at="2024-05-07T18:26:46Z" duration-ms="19">
      <class name="com.test.java_Practise_Arrays.Example_01">
        <test-method signature="Test_001()[pri:0, instance:com.test.java_Practise_Arrays.Example_01@1e1a0406]" started-at="2024-05-07T23:56:46Z" name="Test_001" finished-at="2024-05-07T23:56:46Z" duration-ms="7" status="PASS">
          <reporter-output>
          </reporter-output>
        </test-method> <!-- Test_001 -->
      </class> <!-- com.test.java_Practise_Arrays.Example_01 -->
    </test> <!-- Default test -->
  </suite> <!-- Default suite -->
</testng-results>
