<?xml version="1.0" encoding="UTF-8"?>
<testng-results ignored="0" total="2" passed="2" failed="0" skipped="0">
  <reporter-output>
  </reporter-output>
  <suite started-at="2024-05-07T20:48:58Z" name="Default suite" finished-at="2024-05-07T20:48:58Z" duration-ms="26">
    <groups>
    </groups>
    <test started-at="2024-05-07T20:48:58Z" name="Default test" finished-at="2024-05-07T20:48:58Z" duration-ms="26">
      <class name="com.test.java_Practise_Arrays.Example_02">
        <test-method signature="Test_005()[pri:0, instance:com.test.java_Practise_Arrays.Example_02@3cebbb30]" started-at="2024-05-08T02:18:58Z" name="Test_005" finished-at="2024-05-08T02:18:58Z" duration-ms="8" status="PASS">
          <reporter-output>
          </reporter-output>
        </test-method> <!-- Test_005 -->
        <test-method signature="Test_006()[pri:0, instance:com.test.java_Practise_Arrays.Example_02@3cebbb30]" started-at="2024-05-08T02:18:58Z" name="Test_006" finished-at="2024-05-08T02:18:58Z" duration-ms="2" status="PASS">
          <reporter-output>
          </reporter-output>
        </test-method> <!-- Test_006 -->
      </class> <!-- com.test.java_Practise_Arrays.Example_02 -->
    </test> <!-- Default test -->
  </suite> <!-- Default suite -->
</testng-results>
